{"/Users/sumedhshende/sysd/infrawatch/day6/frontend/src/App.js": {"path":"/Users/sumedhshende/sysd/infrawatch/day6/frontend/src/App.js","statementMap":{"0":{"start":{"line":4,"column":21},"end":{"line":4,"column":77}},"1":{"start":{"line":7,"column":26},"end":{"line":7,"column":38}},"2":{"start":{"line":8,"column":32},"end":{"line":8,"column":46}},"3":{"start":{"line":9,"column":28},"end":{"line":9,"column":42}},"4":{"start":{"line":10,"column":30},"end":{"line":14,"column":4}},"5":{"start":{"line":16,"column":2},"end":{"line":18,"column":9}},"6":{"start":{"line":17,"column":4},"end":{"line":17,"column":16}},"7":{"start":{"line":20,"column":20},"end":{"line":34,"column":3}},"8":{"start":{"line":21,"column":4},"end":{"line":33,"column":5}},"9":{"start":{"line":22,"column":6},"end":{"line":22,"column":23}},"10":{"start":{"line":23,"column":23},"end":{"line":23,"column":58}},"11":{"start":{"line":24,"column":6},"end":{"line":26,"column":7}},"12":{"start":{"line":25,"column":8},"end":{"line":25,"column":48}},"13":{"start":{"line":27,"column":19},"end":{"line":27,"column":40}},"14":{"start":{"line":28,"column":6},"end":{"line":28,"column":20}},"15":{"start":{"line":30,"column":6},"end":{"line":30,"column":28}},"16":{"start":{"line":32,"column":6},"end":{"line":32,"column":24}},"17":{"start":{"line":36,"column":20},"end":{"line":66,"column":3}},"18":{"start":{"line":37,"column":4},"end":{"line":37,"column":23}},"19":{"start":{"line":39,"column":4},"end":{"line":42,"column":5}},"20":{"start":{"line":40,"column":6},"end":{"line":40,"column":35}},"21":{"start":{"line":41,"column":6},"end":{"line":41,"column":13}},"22":{"start":{"line":44,"column":4},"end":{"line":65,"column":5}},"23":{"start":{"line":45,"column":23},"end":{"line":51,"column":8}},"24":{"start":{"line":53,"column":6},"end":{"line":55,"column":7}},"25":{"start":{"line":54,"column":8},"end":{"line":54,"column":48}},"26":{"start":{"line":57,"column":25},"end":{"line":57,"column":46}},"27":{"start":{"line":58,"column":6},"end":{"line":58,"column":37}},"28":{"start":{"line":59,"column":6},"end":{"line":59,"column":60}},"29":{"start":{"line":62,"column":6},"end":{"line":62,"column":40}},"30":{"start":{"line":64,"column":6},"end":{"line":64,"column":37}},"31":{"start":{"line":68,"column":24},"end":{"line":77,"column":3}},"32":{"start":{"line":69,"column":19},"end":{"line":75,"column":5}},"33":{"start":{"line":76,"column":4},"end":{"line":76,"column":38}},"34":{"start":{"line":79,"column":2},"end":{"line":81,"column":3}},"35":{"start":{"line":80,"column":4},"end":{"line":80,"column":58}},"36":{"start":{"line":83,"column":2},"end":{"line":85,"column":3}},"37":{"start":{"line":84,"column":4},"end":{"line":84,"column":55}},"38":{"start":{"line":87,"column":2},"end":{"line":169,"column":4}},"39":{"start":{"line":103,"column":33},"end":{"line":103,"column":82}},"40":{"start":{"line":114,"column":33},"end":{"line":114,"column":80}},"41":{"start":{"line":130,"column":33},"end":{"line":130,"column":81}},"42":{"start":{"line":146,"column":16},"end":{"line":162,"column":22}}},"fnMap":{"0":{"name":"App","decl":{"start":{"line":6,"column":9},"end":{"line":6,"column":12}},"loc":{"start":{"line":6,"column":15},"end":{"line":170,"column":1}},"line":6},"1":{"name":"(anonymous_1)","decl":{"start":{"line":16,"column":12},"end":{"line":16,"column":13}},"loc":{"start":{"line":16,"column":18},"end":{"line":18,"column":3}},"line":16},"2":{"name":"(anonymous_2)","decl":{"start":{"line":20,"column":20},"end":{"line":20,"column":21}},"loc":{"start":{"line":20,"column":32},"end":{"line":34,"column":3}},"line":20},"3":{"name":"(anonymous_3)","decl":{"start":{"line":36,"column":20},"end":{"line":36,"column":21}},"loc":{"start":{"line":36,"column":33},"end":{"line":66,"column":3}},"line":36},"4":{"name":"(anonymous_4)","decl":{"start":{"line":68,"column":24},"end":{"line":68,"column":25}},"loc":{"start":{"line":68,"column":35},"end":{"line":77,"column":3}},"line":68},"5":{"name":"(anonymous_5)","decl":{"start":{"line":103,"column":26},"end":{"line":103,"column":27}},"loc":{"start":{"line":103,"column":33},"end":{"line":103,"column":82}},"line":103},"6":{"name":"(anonymous_6)","decl":{"start":{"line":114,"column":26},"end":{"line":114,"column":27}},"loc":{"start":{"line":114,"column":33},"end":{"line":114,"column":80}},"line":114},"7":{"name":"(anonymous_7)","decl":{"start":{"line":130,"column":26},"end":{"line":130,"column":27}},"loc":{"start":{"line":130,"column":33},"end":{"line":130,"column":81}},"line":130},"8":{"name":"(anonymous_8)","decl":{"start":{"line":145,"column":24},"end":{"line":145,"column":25}},"loc":{"start":{"line":146,"column":16},"end":{"line":162,"column":22}},"line":146}},"branchMap":{"0":{"loc":{"start":{"line":4,"column":21},"end":{"line":4,"column":77}},"type":"binary-expr","locations":[{"start":{"line":4,"column":21},"end":{"line":4,"column":50}},{"start":{"line":4,"column":54},"end":{"line":4,"column":77}}],"line":4},"1":{"loc":{"start":{"line":24,"column":6},"end":{"line":26,"column":7}},"type":"if","locations":[{"start":{"line":24,"column":6},"end":{"line":26,"column":7}},{"start":{},"end":{}}],"line":24},"2":{"loc":{"start":{"line":39,"column":4},"end":{"line":42,"column":5}},"type":"if","locations":[{"start":{"line":39,"column":4},"end":{"line":42,"column":5}},{"start":{},"end":{}}],"line":39},"3":{"loc":{"start":{"line":53,"column":6},"end":{"line":55,"column":7}},"type":"if","locations":[{"start":{"line":53,"column":6},"end":{"line":55,"column":7}},{"start":{},"end":{}}],"line":53},"4":{"loc":{"start":{"line":76,"column":11},"end":{"line":76,"column":37}},"type":"binary-expr","locations":[{"start":{"line":76,"column":11},"end":{"line":76,"column":24}},{"start":{"line":76,"column":28},"end":{"line":76,"column":37}}],"line":76},"5":{"loc":{"start":{"line":79,"column":2},"end":{"line":81,"column":3}},"type":"if","locations":[{"start":{"line":79,"column":2},"end":{"line":81,"column":3}},{"start":{},"end":{}}],"line":79},"6":{"loc":{"start":{"line":83,"column":2},"end":{"line":85,"column":3}},"type":"if","locations":[{"start":{"line":83,"column":2},"end":{"line":85,"column":3}},{"start":{},"end":{}}],"line":83},"7":{"loc":{"start":{"line":141,"column":11},"end":{"line":165,"column":11}},"type":"cond-expr","locations":[{"start":{"line":142,"column":12},"end":{"line":142,"column":36}},{"start":{"line":144,"column":12},"end":{"line":164,"column":18}}],"line":141},"8":{"loc":{"start":{"line":157,"column":21},"end":{"line":159,"column":21}},"type":"binary-expr","locations":[{"start":{"line":157,"column":21},"end":{"line":157,"column":31}},{"start":{"line":158,"column":22},"end":{"line":158,"column":72}}],"line":157}},"s":{"0":1,"1":55,"2":54,"3":54,"4":54,"5":54,"6":8,"7":54,"8":8,"9":8,"10":8,"11":7,"12":0,"13":7,"14":7,"15":1,"16":8,"17":54,"18":3,"19":3,"20":1,"21":1,"22":2,"23":2,"24":2,"25":0,"26":2,"27":2,"28":2,"29":2,"30":0,"31":54,"32":6,"33":6,"34":54,"35":8,"36":46,"37":1,"38":45,"39":24,"40":1,"41":12,"42":6},"f":{"0":55,"1":8,"2":8,"3":3,"4":6,"5":24,"6":1,"7":12,"8":6},"b":{"0":[1,1],"1":[0,7],"2":[1,2],"3":[0,2],"4":[6,0],"5":[8,46],"6":[1,45],"7":[41,4],"8":[6,6]},"_coverageSchema":"1a1c01bbd47fc00a2c39e90264f33305004495a9","hash":"b2ef38ebaad296513d7304b67d8607d5bf3bdb75"}
,"/Users/sumedhshende/sysd/infrawatch/day6/frontend/src/mocks/handlers.js": {"path":"/Users/sumedhshende/sysd/infrawatch/day6/frontend/src/mocks/handlers.js","statementMap":{"0":{"start":{"line":3,"column":24},"end":{"line":50,"column":1}},"1":{"start":{"line":6,"column":4},"end":{"line":9,"column":6}},"2":{"start":{"line":14,"column":21},"end":{"line":31,"column":5}},"3":{"start":{"line":33,"column":4},"end":{"line":33,"column":52}},"4":{"start":{"line":38,"column":4},"end":{"line":48,"column":6}}},"fnMap":{"0":{"name":"(anonymous_0)","decl":{"start":{"line":5,"column":22},"end":{"line":5,"column":23}},"loc":{"start":{"line":5,"column":41},"end":{"line":10,"column":3}},"line":5},"1":{"name":"(anonymous_1)","decl":{"start":{"line":13,"column":20},"end":{"line":13,"column":21}},"loc":{"start":{"line":13,"column":39},"end":{"line":34,"column":3}},"line":13},"2":{"name":"(anonymous_2)","decl":{"start":{"line":37,"column":21},"end":{"line":37,"column":22}},"loc":{"start":{"line":37,"column":40},"end":{"line":49,"column":3}},"line":37}},"branchMap":{"0":{"loc":{"start":{"line":43,"column":15},"end":{"line":43,"column":39}},"type":"binary-expr","locations":[{"start":{"line":43,"column":15},"end":{"line":43,"column":29}},{"start":{"line":43,"column":33},"end":{"line":43,"column":39}}],"line":43}},"s":{"0":1,"1":0,"2":0,"3":0,"4":0},"f":{"0":0,"1":0,"2":0},"b":{"0":[0,0]},"_coverageSchema":"1a1c01bbd47fc00a2c39e90264f33305004495a9","hash":"118a67801d79a8389d64fa4876b26eb2256f8506"}
,"/Users/sumedhshende/sysd/infrawatch/day6/frontend/src/mocks/server.js": {"path":"/Users/sumedhshende/sysd/infrawatch/day6/frontend/src/mocks/server.js","statementMap":{"0":{"start":{"line":5,"column":22},"end":{"line":5,"column":46}}},"fnMap":{},"branchMap":{},"s":{"0":1},"f":{},"b":{},"_coverageSchema":"1a1c01bbd47fc00a2c39e90264f33305004495a9","hash":"4f812ec8b72dac023123c1d7d6287142941023de"}
}
