TN:
SF:src/App.js
FN:6,App
FN:16,(anonymous_1)
FN:20,(anonymous_2)
FN:36,(anonymous_3)
FN:68,(anonymous_4)
FN:103,(anonymous_5)
FN:114,(anonymous_6)
FN:130,(anonymous_7)
FN:145,(anonymous_8)
FNF:9
FNH:9
FNDA:55,App
FNDA:8,(anonymous_1)
FNDA:8,(anonymous_2)
FNDA:3,(anonymous_3)
FNDA:6,(anonymous_4)
FNDA:24,(anonymous_5)
FNDA:1,(anonymous_6)
FNDA:12,(anonymous_7)
FNDA:6,(anonymous_8)
DA:4,1
DA:7,55
DA:8,54
DA:9,54
DA:10,54
DA:16,54
DA:17,8
DA:20,54
DA:21,8
DA:22,8
DA:23,8
DA:24,7
DA:25,0
DA:27,7
DA:28,7
DA:30,1
DA:32,8
DA:36,54
DA:37,3
DA:39,3
DA:40,1
DA:41,1
DA:44,2
DA:45,2
DA:53,2
DA:54,0
DA:57,2
DA:58,2
DA:59,2
DA:62,2
DA:64,0
DA:68,54
DA:69,6
DA:76,6
DA:79,54
DA:80,8
DA:83,46
DA:84,1
DA:87,45
DA:103,24
DA:114,1
DA:130,12
DA:146,6
LF:43
LH:40
BRDA:4,0,0,1
BRDA:4,0,1,1
BRDA:24,1,0,0
BRDA:24,1,1,7
BRDA:39,2,0,1
BRDA:39,2,1,2
BRDA:53,3,0,0
BRDA:53,3,1,2
BRDA:76,4,0,6
BRDA:76,4,1,0
BRDA:79,5,0,8
BRDA:79,5,1,46
BRDA:83,6,0,1
BRDA:83,6,1,45
BRDA:141,7,0,41
BRDA:141,7,1,4
BRDA:157,8,0,6
BRDA:157,8,1,6
BRF:18
BRH:15
end_of_record
TN:
SF:src/mocks/handlers.js
FN:5,(anonymous_0)
FN:13,(anonymous_1)
FN:37,(anonymous_2)
FNF:3
FNH:0
FNDA:0,(anonymous_0)
FNDA:0,(anonymous_1)
FNDA:0,(anonymous_2)
DA:3,1
DA:6,0
DA:14,0
DA:33,0
DA:38,0
LF:5
LH:1
BRDA:43,0,0,0
BRDA:43,0,1,0
BRF:2
BRH:0
end_of_record
TN:
SF:src/mocks/server.js
FNF:0
FNH:0
DA:5,1
LF:1
LH:1
BRF:0
BRH:0
end_of_record
